<?xml version="1.0" encoding="UTF-8"?>
<testsuite xmlns:xsi="http://www.w3.org/2001/XMLSchema-instance" xsi:noNamespaceSchemaLocation="https://maven.apache.org/surefire/maven-surefire-plugin/xsd/surefire-test-report-3.0.xsd" version="3.0" name="Runners.Smoke" time="46.374" tests="4" errors="0" skipped="0" failures="0">
  <properties>
[...]
</properties>
  <testcase name="Valid username and invalid password #2" classname="Error validation in login page" time="12.931">
    <system-out><![CDATA[
@error
Scenario Outline: Valid username and invalid password                                                   # src/test/resources/features/Login2.feature:15
  When user enters invalid "Admin" and "Hum@n" and clicks on login and verify the "Invalid credentials" # steps.LoginSteps.user_enters_invalid_and_and_clicks_on_login_and_verify_the(java.lang.String,java.lang.String,java.lang.String)

    Embedding Valid username and invalid password [image/png 120320 bytes]

]]></system-out>
    <system-err><![CDATA[SLF4J: Failed to load class "org.slf4j.impl.StaticLoggerBinder".
SLF4J: Defaulting to no-operation (NOP) logger implementation
SLF4J: See http://www.slf4j.org/codes.html#StaticLoggerBinder for further details.
Starting ChromeDriver 96.0.4664.45 (76e4c1bb2ab4671b8beba3444e61c0f17584b2fc-refs/branch-heads/4664@{#947}) on port 8467
Only local connections are allowed.
Please see https://chromedriver.chromium.org/security-considerations for suggestions on keeping ChromeDriver safe.
ChromeDriver was started successfully.
дек 29, 2021 6:51:41 PM org.openqa.selenium.remote.ProtocolHandshake createSession
INFO: Detected dialect: W3C
]]></system-err>
  </testcase>
  <testcase name="Valid username and invalid password #3" classname="Error validation in login page" time="10.43">
    <system-out><![CDATA[
@error
Scenario Outline: Valid username and invalid password                                                          # src/test/resources/features/Login2.feature:16
  When user enters invalid "Admin1" and "Hum@nhrm123" and clicks on login and verify the "Invalid credentials" # steps.LoginSteps.user_enters_invalid_and_and_clicks_on_login_and_verify_the(java.lang.String,java.lang.String,java.lang.String)

    Embedding Valid username and invalid password [image/png 120320 bytes]

]]></system-out>
    <system-err><![CDATA[Starting ChromeDriver 96.0.4664.45 (76e4c1bb2ab4671b8beba3444e61c0f17584b2fc-refs/branch-heads/4664@{#947}) on port 34336
Only local connections are allowed.
Please see https://chromedriver.chromium.org/security-considerations for suggestions on keeping ChromeDriver safe.
ChromeDriver was started successfully.
дек 29, 2021 6:51:51 PM org.openqa.selenium.remote.ProtocolHandshake createSession
INFO: Detected dialect: W3C
]]></system-err>
  </testcase>
  <testcase name="Valid username and invalid password #4" classname="Error validation in login page" time="11.259">
    <system-out><![CDATA[
@error
Scenario Outline: Valid username and invalid password                                                   # src/test/resources/features/Login2.feature:17
  When user enters invalid "Admin" and "" and clicks on login and verify the "Password cannot be empty" # steps.LoginSteps.user_enters_invalid_and_and_clicks_on_login_and_verify_the(java.lang.String,java.lang.String,java.lang.String)

    Embedding Valid username and invalid password [image/png 119627 bytes]

]]></system-out>
    <system-err><![CDATA[Starting ChromeDriver 96.0.4664.45 (76e4c1bb2ab4671b8beba3444e61c0f17584b2fc-refs/branch-heads/4664@{#947}) on port 16094
Only local connections are allowed.
Please see https://chromedriver.chromium.org/security-considerations for suggestions on keeping ChromeDriver safe.
ChromeDriver was started successfully.
дек 29, 2021 6:52:02 PM org.openqa.selenium.remote.ProtocolHandshake createSession
INFO: Detected dialect: W3C
]]></system-err>
  </testcase>
  <testcase name="Valid username and invalid password #5" classname="Error validation in login page" time="10.233">
    <system-out><![CDATA[
@error
Scenario Outline: Valid username and invalid password                                                         # src/test/resources/features/Login2.feature:18
  When user enters invalid "" and "Hum@nhrm123" and clicks on login and verify the "Username cannot be empty" # steps.LoginSteps.user_enters_invalid_and_and_clicks_on_login_and_verify_the(java.lang.String,java.lang.String,java.lang.String)

    Embedding Valid username and invalid password [image/png 118855 bytes]

]]></system-out>
    <system-err><![CDATA[Starting ChromeDriver 96.0.4664.45 (76e4c1bb2ab4671b8beba3444e61c0f17584b2fc-refs/branch-heads/4664@{#947}) on port 5378
Only local connections are allowed.
Please see https://chromedriver.chromium.org/security-considerations for suggestions on keeping ChromeDriver safe.
ChromeDriver was started successfully.
дек 29, 2021 6:52:13 PM org.openqa.selenium.remote.ProtocolHandshake createSession
INFO: Detected dialect: W3C
]]></system-err>
  </testcase>
</testsuite>